c:\users\kbc16b03\desktop\ナナクラフト\tkengine\bulletphysics\src\linearmath\x64\release\btvector3.nativecodeanalysis.xml
c:\users\kbc16b03\desktop\ナナクラフト\tkengine\bulletphysics\src\linearmath\x64\release\btserializer.nativecodeanalysis.xml
c:\users\kbc16b03\desktop\ナナクラフト\tkengine\bulletphysics\src\linearmath\x64\release\btquickprof.nativecodeanalysis.xml
c:\users\kbc16b03\desktop\ナナクラフト\tkengine\bulletphysics\src\linearmath\x64\release\btpolardecomposition.nativecodeanalysis.xml
c:\users\kbc16b03\desktop\ナナクラフト\tkengine\bulletphysics\src\linearmath\x64\release\btgeometryutil.nativecodeanalysis.xml
c:\users\kbc16b03\desktop\ナナクラフト\tkengine\bulletphysics\src\linearmath\x64\release\btconvexhullcomputer.nativecodeanalysis.xml
c:\users\kbc16b03\desktop\ナナクラフト\tkengine\bulletphysics\src\linearmath\x64\release\btconvexhull.nativecodeanalysis.xml
c:\users\kbc16b03\desktop\ナナクラフト\tkengine\bulletphysics\src\linearmath\x64\release\btalignedallocator.nativecodeanalysis.xml
c:\users\kbc16b03\desktop\ナナクラフト\tkengine\bulletphysics\src\linearmath\x64\release\btalignedallocator.obj
c:\users\kbc16b03\desktop\ナナクラフト\tkengine\bulletphysics\src\linearmath\x64\release\btconvexhull.obj
c:\users\kbc16b03\desktop\ナナクラフト\tkengine\bulletphysics\src\linearmath\x64\release\btconvexhullcomputer.obj
c:\users\kbc16b03\desktop\ナナクラフト\tkengine\bulletphysics\src\linearmath\x64\release\btgeometryutil.obj
c:\users\kbc16b03\desktop\ナナクラフト\tkengine\bulletphysics\src\linearmath\x64\release\btpolardecomposition.obj
c:\users\kbc16b03\desktop\ナナクラフト\tkengine\bulletphysics\src\linearmath\x64\release\btquickprof.obj
c:\users\kbc16b03\desktop\ナナクラフト\tkengine\bulletphysics\src\linearmath\x64\release\btserializer.obj
c:\users\kbc16b03\desktop\ナナクラフト\tkengine\bulletphysics\src\linearmath\x64\release\btvector3.obj
c:\users\kbc16b03\desktop\ナナクラフト\game\x64\release\linearmath.lib
c:\users\kbc16b03\desktop\ナナクラフト\tkengine\bulletphysics\src\linearmath\x64\release\nativecodeanalysis.read.1.tlog
c:\users\kbc16b03\desktop\ナナクラフト\tkengine\bulletphysics\src\linearmath\x64\release\vc.nativecodeanalysis.all.xml
c:\users\kbc16b03\desktop\ナナクラフト\game\x64\release\linearmath.lib.lastcodeanalysissucceeded
c:\users\kbc16b03\desktop\ナナクラフト\tkengine\bulletphysics\src\linearmath\x64\release\linearmath.tlog\cl.command.1.tlog
c:\users\kbc16b03\desktop\ナナクラフト\tkengine\bulletphysics\src\linearmath\x64\release\linearmath.tlog\cl.read.1.tlog
c:\users\kbc16b03\desktop\ナナクラフト\tkengine\bulletphysics\src\linearmath\x64\release\linearmath.tlog\cl.write.1.tlog
c:\users\kbc16b03\desktop\ナナクラフト\tkengine\bulletphysics\src\linearmath\x64\release\linearmath.tlog\lib-link.read.1.tlog
c:\users\kbc16b03\desktop\ナナクラフト\tkengine\bulletphysics\src\linearmath\x64\release\linearmath.tlog\lib-link.write.1.tlog
c:\users\kbc16b03\desktop\ナナクラフト\tkengine\bulletphysics\src\linearmath\x64\release\linearmath.tlog\lib.command.1.tlog
