<<<<<<< HEAD
<<<<<<< HEAD
<<<<<<< HEAD
﻿  LinearMath.vcxproj -> C:\Users\kbc16b10\Documents\github\Sandtown\ナナクラフト\Game\x64\Release\LinearMath.lib
=======
﻿  LinearMath.vcxproj -> C:\Users\kbc16b03\Desktop\Sandtown\ナナクラフト\Game\x64\Release\LinearMath.lib
>>>>>>> 107d11f21009c43be53fede452480e195bdf888d
=======
﻿cl : コマンド ライン warning D9002: 不明なオプション '/arch:SSE' を無視します
  btAlignedAllocator.cpp
  btConvexHull.cpp
  btConvexHullComputer.cpp
  btGeometryUtil.cpp
  btPolarDecomposition.cpp
  btQuickprof.cpp
  btSerializer.cpp
  btVector3.cpp
btVector3.cpp(179): warning C4267: '=': 'size_t' から 'long' に変換しました。データが失われているかもしれません。
btVector3.cpp(184): warning C4267: '-=': 'size_t' から 'unsigned long' に変換しました。データが失われているかもしれません。
btVector3.cpp(427): warning C4267: '=': 'size_t' から 'long' に変換しました。データが失われているかもしれません。
btVector3.cpp(564): warning C4267: '=': 'size_t' から 'long' に変換しました。データが失われているかもしれません。
btVector3.cpp(569): warning C4267: '-=': 'size_t' から 'unsigned long' に変換しました。データが失われているかもしれません。
btVector3.cpp(815): warning C4267: '=': 'size_t' から 'long' に変換しました。データが失われているかもしれません。
  コードを生成中...
  LinearMath.vcxproj -> C:\Users\kbc16b15\Desktop\github\Sandtown\ナナクラフト\Game\x64\Release\LinearMath.lib
>>>>>>> 8d19726bedfdf47553285064f67b319c6432a040
=======
﻿  LinearMath.vcxproj -> C:\Users\kbc16b03\Desktop\Sandtown\ナナクラフト\Game\x64\Release\LinearMath.lib
>>>>>>> a89d7504c4925fffd32aec63b4bd3d14f4e1074a
