c:\users\kbc16b03\desktop\授業\ゲームpg\shinkeisuijaku\game\game\x64\debug\game.pch
c:\users\kbc16b03\desktop\授業\ゲームpg\shinkeisuijaku\game\game\x64\debug\vc140.pdb
c:\users\kbc16b03\desktop\授業\ゲームpg\shinkeisuijaku\game\game\x64\debug\vc140.idb
c:\users\kbc16b03\desktop\授業\ゲームpg\shinkeisuijaku\game\game\x64\debug\stdafx.obj
c:\users\kbc16b03\desktop\授業\ゲームpg\shinkeisuijaku\game\game\x64\debug\fade.obj
c:\users\kbc16b03\desktop\授業\ゲームpg\shinkeisuijaku\game\game\x64\debug\main.obj
c:\users\kbc16b03\desktop\授業\ゲームpg\shinkeisuijaku\game\game\x64\debug\gamescene.obj
c:\users\kbc16b03\desktop\授業\ゲームpg\shinkeisuijaku\game\game\x64\debug\titlescene.obj
c:\users\kbc16b03\desktop\授業\ゲームpg\shinkeisuijaku\game\game\x64\debug\card.obj
c:\users\kbc16b03\desktop\授業\ゲームpg\shinkeisuijaku\game\x64\debug\game.ilk
c:\users\kbc16b03\desktop\授業\ゲームpg\shinkeisuijaku\game\x64\debug\game.exe
c:\users\kbc16b03\desktop\授業\ゲームpg\shinkeisuijaku\game\x64\debug\game.pdb
c:\users\kbc16b03\desktop\授業\ゲームpg\shinkeisuijaku\game\game\x64\debug\card.obj.enc
c:\users\kbc16b03\desktop\授業\ゲームpg\shinkeisuijaku\game\game\x64\debug\gamescene.obj.enc
c:\users\kbc16b03\desktop\授業\ゲームpg\shinkeisuijaku\game\game\x64\debug\main.obj.enc
c:\users\kbc16b03\desktop\授業\ゲームpg\shinkeisuijaku\game\game\x64\debug\game.tlog\cl.command.1.tlog
c:\users\kbc16b03\desktop\授業\ゲームpg\shinkeisuijaku\game\game\x64\debug\game.tlog\cl.read.1.tlog
c:\users\kbc16b03\desktop\授業\ゲームpg\shinkeisuijaku\game\game\x64\debug\game.tlog\cl.write.1.tlog
c:\users\kbc16b03\desktop\授業\ゲームpg\shinkeisuijaku\game\game\x64\debug\game.tlog\link.command.1.tlog
c:\users\kbc16b03\desktop\授業\ゲームpg\shinkeisuijaku\game\game\x64\debug\game.tlog\link.read.1.tlog
c:\users\kbc16b03\desktop\授業\ゲームpg\shinkeisuijaku\game\game\x64\debug\game.tlog\link.write.1.tlog
