c:\users\kbc16b15\desktop\github\sandtown\ナナクラフト\game\game\x64\release\game.pch
c:\users\kbc16b15\desktop\github\sandtown\ナナクラフト\game\game\x64\release\vc140.pdb
c:\users\kbc16b15\desktop\github\sandtown\ナナクラフト\game\game\x64\release\stdafx.obj
c:\users\kbc16b15\desktop\github\sandtown\ナナクラフト\game\game\x64\release\gamescene.obj
c:\users\kbc16b15\desktop\github\sandtown\ナナクラフト\game\game\x64\release\scenechange.obj
c:\users\kbc16b15\desktop\github\sandtown\ナナクラフト\game\game\x64\release\player.obj
c:\users\kbc16b15\desktop\github\sandtown\ナナクラフト\game\game\x64\release\npc.obj
c:\users\kbc16b15\desktop\github\sandtown\ナナクラフト\game\game\x64\release\menu.obj
c:\users\kbc16b15\desktop\github\sandtown\ナナクラフト\game\game\x64\release\mapchip.obj
c:\users\kbc16b15\desktop\github\sandtown\ナナクラフト\game\game\x64\release\map2.obj
c:\users\kbc16b15\desktop\github\sandtown\ナナクラフト\game\game\x64\release\map.obj
c:\users\kbc16b15\desktop\github\sandtown\ナナクラフト\game\game\x64\release\main.obj
c:\users\kbc16b15\desktop\github\sandtown\ナナクラフト\game\game\x64\release\hud.obj
c:\users\kbc16b15\desktop\github\sandtown\ナナクラフト\game\game\x64\release\gamesound.obj
c:\users\kbc16b15\desktop\github\sandtown\ナナクラフト\game\game\x64\release\fade.obj
c:\users\kbc16b15\desktop\github\sandtown\ナナクラフト\game\game\x64\release\enemyhud.obj
c:\users\kbc16b15\desktop\github\sandtown\ナナクラフト\game\game\x64\release\enemy.obj
c:\users\kbc16b15\desktop\github\sandtown\ナナクラフト\game\game\x64\release\dungeon.obj
c:\users\kbc16b15\desktop\github\sandtown\ナナクラフト\game\game\x64\release\camera.obj
c:\users\kbc16b15\desktop\github\sandtown\ナナクラフト\game\game\x64\release\battlescene.obj
c:\users\kbc16b15\desktop\github\sandtown\ナナクラフト\game\game\x64\release\battleplayer.obj
c:\users\kbc16b15\desktop\github\sandtown\ナナクラフト\game\game\x64\release\battlemenu.obj
c:\users\kbc16b15\desktop\github\sandtown\ナナクラフト\game\game\x64\release\battleenemy.obj
c:\users\kbc16b15\desktop\github\sandtown\ナナクラフト\game\game\x64\release\mining.obj
c:\users\kbc16b15\desktop\github\sandtown\ナナクラフト\game\game\x64\release\shop.obj
c:\users\kbc16b15\desktop\github\sandtown\ナナクラフト\game\game\x64\release\gamesky.obj
c:\users\kbc16b15\desktop\github\sandtown\ナナクラフト\game\game\x64\release\titlescene.obj
c:\users\kbc16b15\desktop\github\sandtown\ナナクラフト\game\x64\release\game.pdb
c:\users\kbc16b15\desktop\github\sandtown\ナナクラフト\game\game\x64\release\game.tlog\cl.command.1.tlog
c:\users\kbc16b15\desktop\github\sandtown\ナナクラフト\game\game\x64\release\game.tlog\cl.read.1.tlog
c:\users\kbc16b15\desktop\github\sandtown\ナナクラフト\game\game\x64\release\game.tlog\cl.write.1.tlog
c:\users\kbc16b15\desktop\github\sandtown\ナナクラフト\game\game\x64\release\game.tlog\link.command.1.tlog
c:\users\kbc16b15\desktop\github\sandtown\ナナクラフト\game\game\x64\release\game.tlog\link.read.1.tlog
c:\users\kbc16b15\desktop\github\sandtown\ナナクラフト\game\game\x64\release\game.tlog\link.write.1.tlog
