  BattleScene.cpp
c:\users\kbc16b15\desktop\github\sandtown\ナナクラフト\game\game\HUD.h(16): warning C4244: 'return': 'float' から 'int' への変換です。データが失われる可能性があります。
  EnemyHUD.cpp
  GameSound.cpp
  HUD.cpp
c:\users\kbc16b15\desktop\github\sandtown\ナナクラフト\game\game\HUD.h(16): warning C4244: 'return': 'float' から 'int' への変換です。データが失われる可能性があります。
  main.cpp
  Map.cpp
c:\users\kbc16b15\desktop\github\sandtown\ナナクラフト\game\game\HUD.h(16): warning C4244: 'return': 'float' から 'int' への変換です。データが失われる可能性があります。
  Map2.cpp
  Mapchip.cpp
  Menu.cpp
c:\users\kbc16b15\desktop\github\sandtown\ナナクラフト\game\game\HUD.h(16): warning C4244: 'return': 'float' から 'int' への変換です。データが失われる可能性があります。
  Npc.cpp
c1xx : fatal error C1083: ソース ファイルを開けません。'Npc.cpp':No such file or directory
  Player.cpp
Player.cpp(39): warning C4305: '引数': 'double' から 'float' へ切り詰めます。
Player.cpp(207): warning C4244: '=': 'double' から 'float' への変換です。データが失われる可能性があります。
Player.cpp(208): warning C4244: '=': 'double' から 'float' への変換です。データが失われる可能性があります。
Player.cpp(235): warning C4305: '引数': 'double' から 'float' へ切り詰めます。
  SceneChange.cpp
  GameScene.cpp
C:\Users\kbc16b15\Desktop\github\Sandtown\ナナクラフト\Game\Game\HUD.h(16): warning C4244: 'return': 'float' から 'int' への変換です。データが失われる可能性があります。
Scene\GameScene.cpp(14): fatal error C1083: include ファイルを開けません。'Npc.h':No such file or directory
  TitleScene.cpp
  Mining.cpp
c:\users\kbc16b15\desktop\github\sandtown\ナナクラフト\game\game\HUD.h(16): warning C4244: 'return': 'float' から 'int' への変換です。データが失われる可能性があります。
  コードを生成中...
