c:\users\kbc16b03\desktop\sandtown\ナナクラフト\game\game\x64\debug\game.pch
c:\users\kbc16b03\desktop\sandtown\ナナクラフト\game\game\x64\debug\vc140.pdb
c:\users\kbc16b03\desktop\sandtown\ナナクラフト\game\game\x64\debug\vc140.idb
c:\users\kbc16b03\desktop\sandtown\ナナクラフト\game\game\x64\debug\stdafx.obj
c:\users\kbc16b03\desktop\sandtown\ナナクラフト\game\game\x64\debug\camera.obj
c:\users\kbc16b03\desktop\sandtown\ナナクラフト\game\game\x64\debug\dungeon.obj
c:\users\kbc16b03\desktop\sandtown\ナナクラフト\game\game\x64\debug\enemy.obj
c:\users\kbc16b03\desktop\sandtown\ナナクラフト\game\game\x64\debug\enemyhud.obj
c:\users\kbc16b03\desktop\sandtown\ナナクラフト\game\game\x64\debug\fade.obj
c:\users\kbc16b03\desktop\sandtown\ナナクラフト\game\game\x64\debug\gamesound.obj
c:\users\kbc16b03\desktop\sandtown\ナナクラフト\game\game\x64\debug\hud.obj
c:\users\kbc16b03\desktop\sandtown\ナナクラフト\game\game\x64\debug\main.obj
c:\users\kbc16b03\desktop\sandtown\ナナクラフト\game\game\x64\debug\map.obj
c:\users\kbc16b03\desktop\sandtown\ナナクラフト\game\game\x64\debug\map2.obj
c:\users\kbc16b03\desktop\sandtown\ナナクラフト\game\game\x64\debug\mapchip.obj
c:\users\kbc16b03\desktop\sandtown\ナナクラフト\game\game\x64\debug\menu.obj
c:\users\kbc16b03\desktop\sandtown\ナナクラフト\game\game\x64\debug\npc.obj
c:\users\kbc16b03\desktop\sandtown\ナナクラフト\game\game\x64\debug\player.obj
c:\users\kbc16b03\desktop\sandtown\ナナクラフト\game\game\x64\debug\scenechange.obj
c:\users\kbc16b03\desktop\sandtown\ナナクラフト\game\game\x64\debug\gamescene.obj
c:\users\kbc16b03\desktop\sandtown\ナナクラフト\game\game\x64\debug\titlescene.obj
c:\users\kbc16b03\desktop\sandtown\ナナクラフト\game\game\x64\debug\gamesky.obj
c:\users\kbc16b03\desktop\sandtown\ナナクラフト\game\game\x64\debug\shop.obj
c:\users\kbc16b03\desktop\sandtown\ナナクラフト\game\game\x64\debug\mining.obj
c:\users\kbc16b03\desktop\sandtown\ナナクラフト\game\game\x64\debug\battleenemy.obj
c:\users\kbc16b03\desktop\sandtown\ナナクラフト\game\game\x64\debug\battlemenu.obj
c:\users\kbc16b03\desktop\sandtown\ナナクラフト\game\game\x64\debug\battleplayer.obj
c:\users\kbc16b03\desktop\sandtown\ナナクラフト\game\game\x64\debug\battlescene.obj
c:\users\kbc16b15\desktop\github\新しいフォルダー\sandtown\ナナクラフト\game\game\x64\debug\vc140.pdb
c:\users\kbc16b03\desktop\sandtown\ナナクラフト\game\x64\debug\game.ilk
c:\users\kbc16b03\desktop\sandtown\ナナクラフト\game\x64\debug\game.exe
c:\users\kbc16b03\desktop\sandtown\ナナクラフト\game\x64\debug\game.pdb
c:\users\kbc16b15\desktop\github\新しいフォルダー\sandtown\ナナクラフト\game\game\x64\debug\battleenemy.obj
c:\users\kbc16b15\desktop\github\新しいフォルダー\sandtown\ナナクラフト\game\game\x64\debug\battlemenu.obj
c:\users\kbc16b15\desktop\github\新しいフォルダー\sandtown\ナナクラフト\game\game\x64\debug\battleplayer.obj
c:\users\kbc16b15\desktop\github\新しいフォルダー\sandtown\ナナクラフト\game\game\x64\debug\battlescene.obj
c:\users\kbc16b15\desktop\github\新しいフォルダー\sandtown\ナナクラフト\game\game\x64\debug\camera.obj
c:\users\kbc16b15\desktop\github\新しいフォルダー\sandtown\ナナクラフト\game\game\x64\debug\dungeon.obj
c:\users\kbc16b15\desktop\github\新しいフォルダー\sandtown\ナナクラフト\game\game\x64\debug\enemy.obj
c:\users\kbc16b15\desktop\github\新しいフォルダー\sandtown\ナナクラフト\game\game\x64\debug\enemyhud.obj
c:\users\kbc16b15\desktop\github\新しいフォルダー\sandtown\ナナクラフト\game\game\x64\debug\fade.obj
c:\users\kbc16b15\desktop\github\新しいフォルダー\sandtown\ナナクラフト\game\game\x64\debug\gamescene.obj
c:\users\kbc16b15\desktop\github\新しいフォルダー\sandtown\ナナクラフト\game\game\x64\debug\gamesky.obj
c:\users\kbc16b15\desktop\github\新しいフォルダー\sandtown\ナナクラフト\game\game\x64\debug\gamesound.obj
c:\users\kbc16b15\desktop\github\新しいフォルダー\sandtown\ナナクラフト\game\game\x64\debug\hud.obj
c:\users\kbc16b15\desktop\github\新しいフォルダー\sandtown\ナナクラフト\game\game\x64\debug\main.obj
c:\users\kbc16b15\desktop\github\新しいフォルダー\sandtown\ナナクラフト\game\game\x64\debug\map.obj
c:\users\kbc16b15\desktop\github\新しいフォルダー\sandtown\ナナクラフト\game\game\x64\debug\map2.obj
c:\users\kbc16b15\desktop\github\新しいフォルダー\sandtown\ナナクラフト\game\game\x64\debug\mapchip.obj
c:\users\kbc16b15\desktop\github\新しいフォルダー\sandtown\ナナクラフト\game\game\x64\debug\menu.obj
c:\users\kbc16b15\desktop\github\新しいフォルダー\sandtown\ナナクラフト\game\game\x64\debug\mining.obj
c:\users\kbc16b15\desktop\github\新しいフォルダー\sandtown\ナナクラフト\game\game\x64\debug\npc.obj
c:\users\kbc16b15\desktop\github\新しいフォルダー\sandtown\ナナクラフト\game\game\x64\debug\player.obj
c:\users\kbc16b15\desktop\github\新しいフォルダー\sandtown\ナナクラフト\game\game\x64\debug\scenechange.obj
c:\users\kbc16b15\desktop\github\新しいフォルダー\sandtown\ナナクラフト\game\game\x64\debug\shop.obj
c:\users\kbc16b15\desktop\github\新しいフォルダー\sandtown\ナナクラフト\game\game\x64\debug\stdafx.obj
c:\users\kbc16b15\desktop\github\新しいフォルダー\sandtown\ナナクラフト\game\game\x64\debug\titlescene.obj
c:\users\kbc16b15\desktop\github\新しいフォルダー\sandtown\ナナクラフト\game\game\x64\debug\vc140.idb
c:\users\kbc16b15\desktop\github\新しいフォルダー\sandtown\ナナクラフト\game\x64\debug\game.pdb
c:\users\kbc16b15\desktop\github\新しいフォルダー\sandtown\ナナクラフト\game\x64\debug\game.exe
c:\users\kbc16b15\desktop\github\新しいフォルダー\sandtown\ナナクラフト\game\x64\debug\game.ilk
c:\users\kbc16b15\desktop\github\新しいフォルダー\sandtown\ナナクラフト\game\game\x64\debug\game.tlog\cl.command.1.tlog
c:\users\kbc16b15\desktop\github\新しいフォルダー\sandtown\ナナクラフト\game\game\x64\debug\game.tlog\cl.read.1.tlog
c:\users\kbc16b15\desktop\github\新しいフォルダー\sandtown\ナナクラフト\game\game\x64\debug\game.tlog\cl.write.1.tlog
c:\users\kbc16b15\desktop\github\新しいフォルダー\sandtown\ナナクラフト\game\game\x64\debug\game.tlog\link.command.1.tlog
c:\users\kbc16b15\desktop\github\新しいフォルダー\sandtown\ナナクラフト\game\game\x64\debug\game.tlog\link.read.1.tlog
c:\users\kbc16b15\desktop\github\新しいフォルダー\sandtown\ナナクラフト\game\game\x64\debug\game.tlog\link.write.1.tlog
