c:\users\kbc16b03\desktop\ナナクラフト\tkengine\bulletphysics\src\bulletsoftbody\x64\release\btsoftsoftcollisionalgorithm.nativecodeanalysis.xml
c:\users\kbc16b03\desktop\ナナクラフト\tkengine\bulletphysics\src\bulletsoftbody\x64\release\btsoftrigiddynamicsworld.nativecodeanalysis.xml
c:\users\kbc16b03\desktop\ナナクラフト\tkengine\bulletphysics\src\bulletsoftbody\x64\release\btsoftrigidcollisionalgorithm.nativecodeanalysis.xml
c:\users\kbc16b03\desktop\ナナクラフト\tkengine\bulletphysics\src\bulletsoftbody\x64\release\btsoftbodyrigidbodycollisionconfiguration.nativecodeanalysis.xml
c:\users\kbc16b03\desktop\ナナクラフト\tkengine\bulletphysics\src\bulletsoftbody\x64\release\btsoftbodyhelpers.nativecodeanalysis.xml
c:\users\kbc16b03\desktop\ナナクラフト\tkengine\bulletphysics\src\bulletsoftbody\x64\release\btsoftbodyconcavecollisionalgorithm.nativecodeanalysis.xml
c:\users\kbc16b03\desktop\ナナクラフト\tkengine\bulletphysics\src\bulletsoftbody\x64\release\btsoftbody.nativecodeanalysis.xml
c:\users\kbc16b03\desktop\ナナクラフト\tkengine\bulletphysics\src\bulletsoftbody\x64\release\btdefaultsoftbodysolver.nativecodeanalysis.xml
c:\users\kbc16b03\desktop\ナナクラフト\tkengine\bulletphysics\src\bulletsoftbody\x64\release\btdefaultsoftbodysolver.obj
c:\users\kbc16b03\desktop\ナナクラフト\tkengine\bulletphysics\src\bulletsoftbody\x64\release\btsoftbody.obj
c:\users\kbc16b03\desktop\ナナクラフト\tkengine\bulletphysics\src\bulletsoftbody\x64\release\btsoftbodyconcavecollisionalgorithm.obj
c:\users\kbc16b03\desktop\ナナクラフト\tkengine\bulletphysics\src\bulletsoftbody\x64\release\btsoftbodyhelpers.obj
c:\users\kbc16b03\desktop\ナナクラフト\tkengine\bulletphysics\src\bulletsoftbody\x64\release\btsoftbodyrigidbodycollisionconfiguration.obj
c:\users\kbc16b03\desktop\ナナクラフト\tkengine\bulletphysics\src\bulletsoftbody\x64\release\btsoftrigidcollisionalgorithm.obj
c:\users\kbc16b03\desktop\ナナクラフト\tkengine\bulletphysics\src\bulletsoftbody\x64\release\btsoftrigiddynamicsworld.obj
c:\users\kbc16b03\desktop\ナナクラフト\tkengine\bulletphysics\src\bulletsoftbody\x64\release\btsoftsoftcollisionalgorithm.obj
c:\users\kbc16b03\desktop\ナナクラフト\game\x64\release\bulletsoftbody.lib
c:\users\kbc16b03\desktop\ナナクラフト\tkengine\bulletphysics\src\bulletsoftbody\x64\release\nativecodeanalysis.read.1.tlog
c:\users\kbc16b03\desktop\ナナクラフト\tkengine\bulletphysics\src\bulletsoftbody\x64\release\vc.nativecodeanalysis.all.xml
c:\users\kbc16b03\desktop\ナナクラフト\game\x64\release\bulletsoftbody.lib.lastcodeanalysissucceeded
c:\users\kbc16b03\desktop\ナナクラフト\tkengine\bulletphysics\src\bulletsoftbody\x64\release\bulletsoftbody.tlog\cl.command.1.tlog
c:\users\kbc16b03\desktop\ナナクラフト\tkengine\bulletphysics\src\bulletsoftbody\x64\release\bulletsoftbody.tlog\cl.read.1.tlog
c:\users\kbc16b03\desktop\ナナクラフト\tkengine\bulletphysics\src\bulletsoftbody\x64\release\bulletsoftbody.tlog\cl.write.1.tlog
c:\users\kbc16b03\desktop\ナナクラフト\tkengine\bulletphysics\src\bulletsoftbody\x64\release\bulletsoftbody.tlog\lib-link.read.1.tlog
c:\users\kbc16b03\desktop\ナナクラフト\tkengine\bulletphysics\src\bulletsoftbody\x64\release\bulletsoftbody.tlog\lib-link.write.1.tlog
c:\users\kbc16b03\desktop\ナナクラフト\tkengine\bulletphysics\src\bulletsoftbody\x64\release\bulletsoftbody.tlog\lib.command.1.tlog
