cl : コマンド ライン warning D9002: 不明なオプション '/arch:SSE' を無視します
  btAxisSweep3.cpp
  btBroadphaseProxy.cpp
  btCollisionAlgorithm.cpp
  btDbvt.cpp
  btDbvtBroadphase.cpp
  btDispatcher.cpp
  btMultiSapBroadphase.cpp
  btOverlappingPairCache.cpp
  btQuantizedBvh.cpp
  btSimpleBroadphase.cpp
  btActivatingCollisionAlgorithm.cpp
  btBox2dBox2dCollisionAlgorithm.cpp
  btBoxBoxCollisionAlgorithm.cpp
  btBoxBoxDetector.cpp
  btCollisionDispatcher.cpp
  btCollisionObject.cpp
  btCollisionWorld.cpp
  btCollisionWorldImporter.cpp
  btCompoundCollisionAlgorithm.cpp
  btCompoundCompoundCollisionAlgorithm.cpp
  C/C++ のコード分析を実行しています...
  コードを生成中...
  コンパイル中...
  btConvex2dConvex2dAlgorithm.cpp
  btConvexConcaveCollisionAlgorithm.cpp
  btConvexConvexAlgorithm.cpp
  btConvexPlaneCollisionAlgorithm.cpp
  btDefaultCollisionConfiguration.cpp
  btEmptyCollisionAlgorithm.cpp
  btGhostObject.cpp
  btHashedSimplePairCache.cpp
  btInternalEdgeUtility.cpp
  btManifoldResult.cpp
  btSimulationIslandManager.cpp
  btSphereBoxCollisionAlgorithm.cpp
  btSphereSphereCollisionAlgorithm.cpp
  btSphereTriangleCollisionAlgorithm.cpp
  btUnionFind.cpp
  SphereTriangleDetector.cpp
  btBox2dShape.cpp
  btBoxShape.cpp
  btBvhTriangleMeshShape.cpp
  btCapsuleShape.cpp
  C/C++ のコード分析を実行しています...
  コードを生成中...
  コンパイル中...
  btCollisionShape.cpp
  btCompoundShape.cpp
  btConcaveShape.cpp
  btConeShape.cpp
  btConvex2dShape.cpp
  btConvexHullShape.cpp
  btConvexInternalShape.cpp
  btConvexPointCloudShape.cpp
  btConvexPolyhedron.cpp
  btConvexShape.cpp
  btConvexTriangleMeshShape.cpp
  btCylinderShape.cpp
  btEmptyShape.cpp
  btHeightfieldTerrainShape.cpp
  btMinkowskiSumShape.cpp
  btMultimaterialTriangleMeshShape.cpp
  btMultiSphereShape.cpp
  btOptimizedBvh.cpp
  btPolyhedralConvexShape.cpp
  btScaledBvhTriangleMeshShape.cpp
  C/C++ のコード分析を実行しています...
  コードを生成中...
  コンパイル中...
  btShapeHull.cpp
  btSphereShape.cpp
  btStaticPlaneShape.cpp
  btStridingMeshInterface.cpp
  btTetrahedronShape.cpp
  btTriangleBuffer.cpp
  btTriangleCallback.cpp
  btTriangleIndexVertexArray.cpp
  btTriangleIndexVertexMaterialArray.cpp
  btTriangleMesh.cpp
  btTriangleMeshShape.cpp
  btUniformScalingShape.cpp
  btContactProcessing.cpp
  btGenericPoolAllocator.cpp
  btGImpactBvh.cpp
  btGImpactCollisionAlgorithm.cpp
  btGImpactQuantizedBvh.cpp
  btGImpactShape.cpp
  btTriangleShapeEx.cpp
  gim_box_set.cpp
  C/C++ のコード分析を実行しています...
  コードを生成中...
  コンパイル中...
  gim_contact.cpp
  gim_memory.cpp
  gim_tri_collision.cpp
  btContinuousConvexCollision.cpp
  btConvexCast.cpp
  btGjkConvexCast.cpp
  btGjkEpa2.cpp
  btGjkEpaPenetrationDepthSolver.cpp
  btGjkPairDetector.cpp
  btMinkowskiPenetrationDepthSolver.cpp
  btPersistentManifold.cpp
  btPolyhedralContactClipping.cpp
  btRaycastCallback.cpp
  btSubSimplexConvexCast.cpp
  btVoronoiSimplexSolver.cpp
  C/C++ のコード分析を実行しています...
  コードを生成中...
  BulletCollision.vcxproj -> C:\Users\kbc16b15\Desktop\github\新しいフォルダー\Sandtown\ナナクラフト\Game\x64\Release\BulletCollision.lib
c:\users\kbc16b15\desktop\github\新しいフォルダー\sandtown\ナナクラフト\tkengine\bulletphysics\src\bulletcollision\broadphasecollision\btaxissweep3.h(424): warning C6386: 'this->m_pEdges[axis]' への書き込み中にバッファー オーバーランが発生しました: 書き込み可能なサイズは 'maxHandles*2*4' バイトですが、'8' バイトを書き込む可能性があります。
c:\users\kbc16b15\desktop\github\新しいフォルダー\sandtown\ナナクラフト\tkengine\bulletphysics\src\bulletcollision\broadphasecollision\btdbvtbroadphase.cpp(455): warning C6011: NULL ポインター 'pb' を逆参照しています。
c:\users\kbc16b15\desktop\github\新しいフォルダー\sandtown\ナナクラフト\tkengine\bulletphysics\src\bulletcollision\collisiondispatch\btboxboxdetector.cpp(231): warning C6001: 初期化されていないメモリ 'A' を使用しています。
c:\users\kbc16b15\desktop\github\新しいフォルダー\sandtown\ナナクラフト\tkengine\bulletphysics\src\bulletcollision\collisiondispatch\btsimulationislandmanager.cpp(331): warning C6011: NULL ポインター 'colObj0' を逆参照しています。
c:\users\kbc16b15\desktop\github\新しいフォルダー\sandtown\ナナクラフト\tkengine\bulletphysics\src\bulletcollision\collisionshapes\btoptimizedbvh.cpp(322): warning C6011: NULL ポインター 'gfxbase' を逆参照しています。
c:\users\kbc16b15\desktop\github\新しいフォルダー\sandtown\ナナクラフト\tkengine\bulletphysics\src\bulletcollision\collisionshapes\btoptimizedbvh.cpp(334): warning C6011: NULL ポインター 'graphicsbase' を逆参照しています。
c:\users\kbc16b15\desktop\github\新しいフォルダー\sandtown\ナナクラフト\tkengine\bulletphysics\src\bulletcollision\gimpact\gim_radixsort.h(146): warning C6262: 関数はスタックの '24640' バイトを使用します: /analyze:stacksize '16384' を超えています。 データの一部をヒープに移動することを考慮してください。
c:\users\kbc16b15\desktop\github\新しいフォルダー\sandtown\ナナクラフト\tkengine\bulletphysics\src\bulletcollision\narrowphasecollision\btgjkepa2.cpp(226): warning C6385: 'cs.c' から無効なデータを読み取っています: 読み取り可能なサイズは '32' バイトですが、'-8' バイトを読み取る可能性があります。
