c:\users\kbc16b03\desktop\ナナクラフト\tkengine\bulletphysics\src\bulletcollision\x64\release\btcompoundcompoundcollisionalgorithm.obj
c:\users\kbc16b03\desktop\ナナクラフト\tkengine\bulletphysics\src\bulletcollision\x64\release\btcompoundcollisionalgorithm.obj
c:\users\kbc16b03\desktop\ナナクラフト\tkengine\bulletphysics\src\bulletcollision\x64\release\btcollisionworldimporter.obj
c:\users\kbc16b03\desktop\ナナクラフト\tkengine\bulletphysics\src\bulletcollision\x64\release\btcollisionworld.obj
c:\users\kbc16b03\desktop\ナナクラフト\tkengine\bulletphysics\src\bulletcollision\x64\release\btcollisionobject.obj
c:\users\kbc16b03\desktop\ナナクラフト\tkengine\bulletphysics\src\bulletcollision\x64\release\btcollisiondispatcher.obj
c:\users\kbc16b03\desktop\ナナクラフト\tkengine\bulletphysics\src\bulletcollision\x64\release\btboxboxdetector.obj
c:\users\kbc16b03\desktop\ナナクラフト\tkengine\bulletphysics\src\bulletcollision\x64\release\btboxboxcollisionalgorithm.obj
c:\users\kbc16b03\desktop\ナナクラフト\tkengine\bulletphysics\src\bulletcollision\x64\release\btbox2dbox2dcollisionalgorithm.obj
c:\users\kbc16b03\desktop\ナナクラフト\tkengine\bulletphysics\src\bulletcollision\x64\release\btactivatingcollisionalgorithm.obj
c:\users\kbc16b03\desktop\ナナクラフト\tkengine\bulletphysics\src\bulletcollision\x64\release\btsimplebroadphase.obj
c:\users\kbc16b03\desktop\ナナクラフト\tkengine\bulletphysics\src\bulletcollision\x64\release\btquantizedbvh.obj
c:\users\kbc16b03\desktop\ナナクラフト\tkengine\bulletphysics\src\bulletcollision\x64\release\btoverlappingpaircache.obj
c:\users\kbc16b03\desktop\ナナクラフト\tkengine\bulletphysics\src\bulletcollision\x64\release\btmultisapbroadphase.obj
c:\users\kbc16b03\desktop\ナナクラフト\tkengine\bulletphysics\src\bulletcollision\x64\release\btdispatcher.obj
c:\users\kbc16b03\desktop\ナナクラフト\tkengine\bulletphysics\src\bulletcollision\x64\release\btdbvtbroadphase.obj
c:\users\kbc16b03\desktop\ナナクラフト\tkengine\bulletphysics\src\bulletcollision\x64\release\btdbvt.obj
c:\users\kbc16b03\desktop\ナナクラフト\tkengine\bulletphysics\src\bulletcollision\x64\release\btcollisionalgorithm.obj
c:\users\kbc16b03\desktop\ナナクラフト\tkengine\bulletphysics\src\bulletcollision\x64\release\btbroadphaseproxy.obj
c:\users\kbc16b03\desktop\ナナクラフト\tkengine\bulletphysics\src\bulletcollision\x64\release\btaxissweep3.obj
c:\users\kbc16b03\desktop\ナナクラフト\tkengine\bulletphysics\src\bulletcollision\x64\release\btcapsuleshape.obj
c:\users\kbc16b03\desktop\ナナクラフト\tkengine\bulletphysics\src\bulletcollision\x64\release\btbvhtrianglemeshshape.obj
c:\users\kbc16b03\desktop\ナナクラフト\tkengine\bulletphysics\src\bulletcollision\x64\release\btboxshape.obj
c:\users\kbc16b03\desktop\ナナクラフト\tkengine\bulletphysics\src\bulletcollision\x64\release\btbox2dshape.obj
c:\users\kbc16b03\desktop\ナナクラフト\tkengine\bulletphysics\src\bulletcollision\x64\release\spheretriangledetector.obj
c:\users\kbc16b03\desktop\ナナクラフト\tkengine\bulletphysics\src\bulletcollision\x64\release\btunionfind.obj
c:\users\kbc16b03\desktop\ナナクラフト\tkengine\bulletphysics\src\bulletcollision\x64\release\btspheretrianglecollisionalgorithm.obj
c:\users\kbc16b03\desktop\ナナクラフト\tkengine\bulletphysics\src\bulletcollision\x64\release\btspherespherecollisionalgorithm.obj
c:\users\kbc16b03\desktop\ナナクラフト\tkengine\bulletphysics\src\bulletcollision\x64\release\btsphereboxcollisionalgorithm.obj
c:\users\kbc16b03\desktop\ナナクラフト\tkengine\bulletphysics\src\bulletcollision\x64\release\btsimulationislandmanager.obj
c:\users\kbc16b03\desktop\ナナクラフト\tkengine\bulletphysics\src\bulletcollision\x64\release\btmanifoldresult.obj
c:\users\kbc16b03\desktop\ナナクラフト\tkengine\bulletphysics\src\bulletcollision\x64\release\btinternaledgeutility.obj
c:\users\kbc16b03\desktop\ナナクラフト\tkengine\bulletphysics\src\bulletcollision\x64\release\bthashedsimplepaircache.obj
c:\users\kbc16b03\desktop\ナナクラフト\tkengine\bulletphysics\src\bulletcollision\x64\release\btghostobject.obj
c:\users\kbc16b03\desktop\ナナクラフト\tkengine\bulletphysics\src\bulletcollision\x64\release\btemptycollisionalgorithm.obj
c:\users\kbc16b03\desktop\ナナクラフト\tkengine\bulletphysics\src\bulletcollision\x64\release\btdefaultcollisionconfiguration.obj
c:\users\kbc16b03\desktop\ナナクラフト\tkengine\bulletphysics\src\bulletcollision\x64\release\btconvexplanecollisionalgorithm.obj
c:\users\kbc16b03\desktop\ナナクラフト\tkengine\bulletphysics\src\bulletcollision\x64\release\btconvexconvexalgorithm.obj
c:\users\kbc16b03\desktop\ナナクラフト\tkengine\bulletphysics\src\bulletcollision\x64\release\btconvexconcavecollisionalgorithm.obj
c:\users\kbc16b03\desktop\ナナクラフト\tkengine\bulletphysics\src\bulletcollision\x64\release\btconvex2dconvex2dalgorithm.obj
c:\users\kbc16b03\desktop\ナナクラフト\tkengine\bulletphysics\src\bulletcollision\x64\release\btscaledbvhtrianglemeshshape.obj
c:\users\kbc16b03\desktop\ナナクラフト\tkengine\bulletphysics\src\bulletcollision\x64\release\btpolyhedralconvexshape.obj
c:\users\kbc16b03\desktop\ナナクラフト\tkengine\bulletphysics\src\bulletcollision\x64\release\btoptimizedbvh.obj
c:\users\kbc16b03\desktop\ナナクラフト\tkengine\bulletphysics\src\bulletcollision\x64\release\btmultisphereshape.obj
c:\users\kbc16b03\desktop\ナナクラフト\tkengine\bulletphysics\src\bulletcollision\x64\release\btmultimaterialtrianglemeshshape.obj
c:\users\kbc16b03\desktop\ナナクラフト\tkengine\bulletphysics\src\bulletcollision\x64\release\btminkowskisumshape.obj
c:\users\kbc16b03\desktop\ナナクラフト\tkengine\bulletphysics\src\bulletcollision\x64\release\btheightfieldterrainshape.obj
c:\users\kbc16b03\desktop\ナナクラフト\tkengine\bulletphysics\src\bulletcollision\x64\release\btemptyshape.obj
c:\users\kbc16b03\desktop\ナナクラフト\tkengine\bulletphysics\src\bulletcollision\x64\release\btcylindershape.obj
c:\users\kbc16b03\desktop\ナナクラフト\tkengine\bulletphysics\src\bulletcollision\x64\release\btconvextrianglemeshshape.obj
c:\users\kbc16b03\desktop\ナナクラフト\tkengine\bulletphysics\src\bulletcollision\x64\release\btconvexshape.obj
c:\users\kbc16b03\desktop\ナナクラフト\tkengine\bulletphysics\src\bulletcollision\x64\release\btconvexpolyhedron.obj
c:\users\kbc16b03\desktop\ナナクラフト\tkengine\bulletphysics\src\bulletcollision\x64\release\btconvexpointcloudshape.obj
c:\users\kbc16b03\desktop\ナナクラフト\tkengine\bulletphysics\src\bulletcollision\x64\release\btconvexinternalshape.obj
c:\users\kbc16b03\desktop\ナナクラフト\tkengine\bulletphysics\src\bulletcollision\x64\release\btconvexhullshape.obj
c:\users\kbc16b03\desktop\ナナクラフト\tkengine\bulletphysics\src\bulletcollision\x64\release\btconvex2dshape.obj
c:\users\kbc16b03\desktop\ナナクラフト\tkengine\bulletphysics\src\bulletcollision\x64\release\btconeshape.obj
c:\users\kbc16b03\desktop\ナナクラフト\tkengine\bulletphysics\src\bulletcollision\x64\release\btconcaveshape.obj
c:\users\kbc16b03\desktop\ナナクラフト\tkengine\bulletphysics\src\bulletcollision\x64\release\btcompoundshape.obj
c:\users\kbc16b03\desktop\ナナクラフト\tkengine\bulletphysics\src\bulletcollision\x64\release\btcollisionshape.obj
c:\users\kbc16b03\desktop\ナナクラフト\tkengine\bulletphysics\src\bulletcollision\x64\release\gim_box_set.obj
c:\users\kbc16b03\desktop\ナナクラフト\tkengine\bulletphysics\src\bulletcollision\x64\release\bttriangleshapeex.obj
c:\users\kbc16b03\desktop\ナナクラフト\tkengine\bulletphysics\src\bulletcollision\x64\release\btgimpactshape.obj
c:\users\kbc16b03\desktop\ナナクラフト\tkengine\bulletphysics\src\bulletcollision\x64\release\btgimpactquantizedbvh.obj
c:\users\kbc16b03\desktop\ナナクラフト\tkengine\bulletphysics\src\bulletcollision\x64\release\btgimpactcollisionalgorithm.obj
c:\users\kbc16b03\desktop\ナナクラフト\tkengine\bulletphysics\src\bulletcollision\x64\release\btgimpactbvh.obj
c:\users\kbc16b03\desktop\ナナクラフト\tkengine\bulletphysics\src\bulletcollision\x64\release\btgenericpoolallocator.obj
c:\users\kbc16b03\desktop\ナナクラフト\tkengine\bulletphysics\src\bulletcollision\x64\release\btcontactprocessing.obj
c:\users\kbc16b03\desktop\ナナクラフト\tkengine\bulletphysics\src\bulletcollision\x64\release\btuniformscalingshape.obj
c:\users\kbc16b03\desktop\ナナクラフト\tkengine\bulletphysics\src\bulletcollision\x64\release\bttrianglemeshshape.obj
c:\users\kbc16b03\desktop\ナナクラフト\tkengine\bulletphysics\src\bulletcollision\x64\release\bttrianglemesh.obj
c:\users\kbc16b03\desktop\ナナクラフト\tkengine\bulletphysics\src\bulletcollision\x64\release\bttriangleindexvertexmaterialarray.obj
c:\users\kbc16b03\desktop\ナナクラフト\tkengine\bulletphysics\src\bulletcollision\x64\release\bttriangleindexvertexarray.obj
c:\users\kbc16b03\desktop\ナナクラフト\tkengine\bulletphysics\src\bulletcollision\x64\release\bttrianglecallback.obj
c:\users\kbc16b03\desktop\ナナクラフト\tkengine\bulletphysics\src\bulletcollision\x64\release\bttrianglebuffer.obj
c:\users\kbc16b03\desktop\ナナクラフト\tkengine\bulletphysics\src\bulletcollision\x64\release\bttetrahedronshape.obj
c:\users\kbc16b03\desktop\ナナクラフト\tkengine\bulletphysics\src\bulletcollision\x64\release\btstridingmeshinterface.obj
c:\users\kbc16b03\desktop\ナナクラフト\tkengine\bulletphysics\src\bulletcollision\x64\release\btstaticplaneshape.obj
c:\users\kbc16b03\desktop\ナナクラフト\tkengine\bulletphysics\src\bulletcollision\x64\release\btsphereshape.obj
c:\users\kbc16b03\desktop\ナナクラフト\tkengine\bulletphysics\src\bulletcollision\x64\release\btshapehull.obj
c:\users\kbc16b03\desktop\ナナクラフト\tkengine\bulletphysics\src\bulletcollision\x64\release\btvoronoisimplexsolver.obj
c:\users\kbc16b03\desktop\ナナクラフト\tkengine\bulletphysics\src\bulletcollision\x64\release\btsubsimplexconvexcast.obj
c:\users\kbc16b03\desktop\ナナクラフト\tkengine\bulletphysics\src\bulletcollision\x64\release\btraycastcallback.obj
c:\users\kbc16b03\desktop\ナナクラフト\tkengine\bulletphysics\src\bulletcollision\x64\release\btpolyhedralcontactclipping.obj
c:\users\kbc16b03\desktop\ナナクラフト\tkengine\bulletphysics\src\bulletcollision\x64\release\btpersistentmanifold.obj
c:\users\kbc16b03\desktop\ナナクラフト\tkengine\bulletphysics\src\bulletcollision\x64\release\btminkowskipenetrationdepthsolver.obj
c:\users\kbc16b03\desktop\ナナクラフト\tkengine\bulletphysics\src\bulletcollision\x64\release\btgjkpairdetector.obj
c:\users\kbc16b03\desktop\ナナクラフト\tkengine\bulletphysics\src\bulletcollision\x64\release\btgjkepapenetrationdepthsolver.obj
c:\users\kbc16b03\desktop\ナナクラフト\tkengine\bulletphysics\src\bulletcollision\x64\release\btgjkepa2.obj
c:\users\kbc16b03\desktop\ナナクラフト\tkengine\bulletphysics\src\bulletcollision\x64\release\btgjkconvexcast.obj
c:\users\kbc16b03\desktop\ナナクラフト\tkengine\bulletphysics\src\bulletcollision\x64\release\btconvexcast.obj
c:\users\kbc16b03\desktop\ナナクラフト\tkengine\bulletphysics\src\bulletcollision\x64\release\btcontinuousconvexcollision.obj
c:\users\kbc16b03\desktop\ナナクラフト\tkengine\bulletphysics\src\bulletcollision\x64\release\gim_tri_collision.obj
c:\users\kbc16b03\desktop\ナナクラフト\tkengine\bulletphysics\src\bulletcollision\x64\release\gim_memory.obj
c:\users\kbc16b03\desktop\ナナクラフト\tkengine\bulletphysics\src\bulletcollision\x64\release\gim_contact.obj
c:\users\kbc16b03\desktop\ナナクラフト\game\x64\release\bulletcollision.lib
c:\users\kbc16b03\desktop\ナナクラフト\tkengine\bulletphysics\src\bulletcollision\x64\release\nativecodeanalysis.read.1.tlog
c:\users\kbc16b03\desktop\ナナクラフト\tkengine\bulletphysics\src\bulletcollision\x64\release\btactivatingcollisionalgorithm.nativecodeanalysis.xml
c:\users\kbc16b03\desktop\ナナクラフト\tkengine\bulletphysics\src\bulletcollision\x64\release\btaxissweep3.nativecodeanalysis.xml
c:\users\kbc16b03\desktop\ナナクラフト\tkengine\bulletphysics\src\bulletcollision\x64\release\btbox2dbox2dcollisionalgorithm.nativecodeanalysis.xml
c:\users\kbc16b03\desktop\ナナクラフト\tkengine\bulletphysics\src\bulletcollision\x64\release\btbox2dshape.nativecodeanalysis.xml
c:\users\kbc16b03\desktop\ナナクラフト\tkengine\bulletphysics\src\bulletcollision\x64\release\btboxboxcollisionalgorithm.nativecodeanalysis.xml
c:\users\kbc16b03\desktop\ナナクラフト\tkengine\bulletphysics\src\bulletcollision\x64\release\btboxboxdetector.nativecodeanalysis.xml
c:\users\kbc16b03\desktop\ナナクラフト\tkengine\bulletphysics\src\bulletcollision\x64\release\btboxshape.nativecodeanalysis.xml
c:\users\kbc16b03\desktop\ナナクラフト\tkengine\bulletphysics\src\bulletcollision\x64\release\btbroadphaseproxy.nativecodeanalysis.xml
c:\users\kbc16b03\desktop\ナナクラフト\tkengine\bulletphysics\src\bulletcollision\x64\release\btbvhtrianglemeshshape.nativecodeanalysis.xml
c:\users\kbc16b03\desktop\ナナクラフト\tkengine\bulletphysics\src\bulletcollision\x64\release\btcapsuleshape.nativecodeanalysis.xml
c:\users\kbc16b03\desktop\ナナクラフト\tkengine\bulletphysics\src\bulletcollision\x64\release\btcollisionalgorithm.nativecodeanalysis.xml
c:\users\kbc16b03\desktop\ナナクラフト\tkengine\bulletphysics\src\bulletcollision\x64\release\btcollisiondispatcher.nativecodeanalysis.xml
c:\users\kbc16b03\desktop\ナナクラフト\tkengine\bulletphysics\src\bulletcollision\x64\release\btcollisionobject.nativecodeanalysis.xml
c:\users\kbc16b03\desktop\ナナクラフト\tkengine\bulletphysics\src\bulletcollision\x64\release\btcollisionshape.nativecodeanalysis.xml
c:\users\kbc16b03\desktop\ナナクラフト\tkengine\bulletphysics\src\bulletcollision\x64\release\btcollisionworld.nativecodeanalysis.xml
c:\users\kbc16b03\desktop\ナナクラフト\tkengine\bulletphysics\src\bulletcollision\x64\release\btcollisionworldimporter.nativecodeanalysis.xml
c:\users\kbc16b03\desktop\ナナクラフト\tkengine\bulletphysics\src\bulletcollision\x64\release\btcompoundcollisionalgorithm.nativecodeanalysis.xml
c:\users\kbc16b03\desktop\ナナクラフト\tkengine\bulletphysics\src\bulletcollision\x64\release\btcompoundcompoundcollisionalgorithm.nativecodeanalysis.xml
c:\users\kbc16b03\desktop\ナナクラフト\tkengine\bulletphysics\src\bulletcollision\x64\release\btcompoundshape.nativecodeanalysis.xml
c:\users\kbc16b03\desktop\ナナクラフト\tkengine\bulletphysics\src\bulletcollision\x64\release\btconcaveshape.nativecodeanalysis.xml
c:\users\kbc16b03\desktop\ナナクラフト\tkengine\bulletphysics\src\bulletcollision\x64\release\btconeshape.nativecodeanalysis.xml
c:\users\kbc16b03\desktop\ナナクラフト\tkengine\bulletphysics\src\bulletcollision\x64\release\btcontactprocessing.nativecodeanalysis.xml
c:\users\kbc16b03\desktop\ナナクラフト\tkengine\bulletphysics\src\bulletcollision\x64\release\btcontinuousconvexcollision.nativecodeanalysis.xml
c:\users\kbc16b03\desktop\ナナクラフト\tkengine\bulletphysics\src\bulletcollision\x64\release\btconvex2dconvex2dalgorithm.nativecodeanalysis.xml
c:\users\kbc16b03\desktop\ナナクラフト\tkengine\bulletphysics\src\bulletcollision\x64\release\btconvex2dshape.nativecodeanalysis.xml
c:\users\kbc16b03\desktop\ナナクラフト\tkengine\bulletphysics\src\bulletcollision\x64\release\btconvexcast.nativecodeanalysis.xml
c:\users\kbc16b03\desktop\ナナクラフト\tkengine\bulletphysics\src\bulletcollision\x64\release\btconvexconcavecollisionalgorithm.nativecodeanalysis.xml
c:\users\kbc16b03\desktop\ナナクラフト\tkengine\bulletphysics\src\bulletcollision\x64\release\btconvexconvexalgorithm.nativecodeanalysis.xml
c:\users\kbc16b03\desktop\ナナクラフト\tkengine\bulletphysics\src\bulletcollision\x64\release\btconvexhullshape.nativecodeanalysis.xml
c:\users\kbc16b03\desktop\ナナクラフト\tkengine\bulletphysics\src\bulletcollision\x64\release\btconvexinternalshape.nativecodeanalysis.xml
c:\users\kbc16b03\desktop\ナナクラフト\tkengine\bulletphysics\src\bulletcollision\x64\release\btconvexplanecollisionalgorithm.nativecodeanalysis.xml
c:\users\kbc16b03\desktop\ナナクラフト\tkengine\bulletphysics\src\bulletcollision\x64\release\btconvexpointcloudshape.nativecodeanalysis.xml
c:\users\kbc16b03\desktop\ナナクラフト\tkengine\bulletphysics\src\bulletcollision\x64\release\btconvexpolyhedron.nativecodeanalysis.xml
c:\users\kbc16b03\desktop\ナナクラフト\tkengine\bulletphysics\src\bulletcollision\x64\release\btconvexshape.nativecodeanalysis.xml
c:\users\kbc16b03\desktop\ナナクラフト\tkengine\bulletphysics\src\bulletcollision\x64\release\btconvextrianglemeshshape.nativecodeanalysis.xml
c:\users\kbc16b03\desktop\ナナクラフト\tkengine\bulletphysics\src\bulletcollision\x64\release\btcylindershape.nativecodeanalysis.xml
c:\users\kbc16b03\desktop\ナナクラフト\tkengine\bulletphysics\src\bulletcollision\x64\release\btdbvt.nativecodeanalysis.xml
c:\users\kbc16b03\desktop\ナナクラフト\tkengine\bulletphysics\src\bulletcollision\x64\release\btdbvtbroadphase.nativecodeanalysis.xml
c:\users\kbc16b03\desktop\ナナクラフト\tkengine\bulletphysics\src\bulletcollision\x64\release\btdefaultcollisionconfiguration.nativecodeanalysis.xml
c:\users\kbc16b03\desktop\ナナクラフト\tkengine\bulletphysics\src\bulletcollision\x64\release\btdispatcher.nativecodeanalysis.xml
c:\users\kbc16b03\desktop\ナナクラフト\tkengine\bulletphysics\src\bulletcollision\x64\release\btemptycollisionalgorithm.nativecodeanalysis.xml
c:\users\kbc16b03\desktop\ナナクラフト\tkengine\bulletphysics\src\bulletcollision\x64\release\btemptyshape.nativecodeanalysis.xml
c:\users\kbc16b03\desktop\ナナクラフト\tkengine\bulletphysics\src\bulletcollision\x64\release\btgenericpoolallocator.nativecodeanalysis.xml
c:\users\kbc16b03\desktop\ナナクラフト\tkengine\bulletphysics\src\bulletcollision\x64\release\btghostobject.nativecodeanalysis.xml
c:\users\kbc16b03\desktop\ナナクラフト\tkengine\bulletphysics\src\bulletcollision\x64\release\btgimpactbvh.nativecodeanalysis.xml
c:\users\kbc16b03\desktop\ナナクラフト\tkengine\bulletphysics\src\bulletcollision\x64\release\btgimpactcollisionalgorithm.nativecodeanalysis.xml
c:\users\kbc16b03\desktop\ナナクラフト\tkengine\bulletphysics\src\bulletcollision\x64\release\btgimpactquantizedbvh.nativecodeanalysis.xml
c:\users\kbc16b03\desktop\ナナクラフト\tkengine\bulletphysics\src\bulletcollision\x64\release\btgimpactshape.nativecodeanalysis.xml
c:\users\kbc16b03\desktop\ナナクラフト\tkengine\bulletphysics\src\bulletcollision\x64\release\btgjkconvexcast.nativecodeanalysis.xml
c:\users\kbc16b03\desktop\ナナクラフト\tkengine\bulletphysics\src\bulletcollision\x64\release\btgjkepa2.nativecodeanalysis.xml
c:\users\kbc16b03\desktop\ナナクラフト\tkengine\bulletphysics\src\bulletcollision\x64\release\btgjkepapenetrationdepthsolver.nativecodeanalysis.xml
c:\users\kbc16b03\desktop\ナナクラフト\tkengine\bulletphysics\src\bulletcollision\x64\release\btgjkpairdetector.nativecodeanalysis.xml
c:\users\kbc16b03\desktop\ナナクラフト\tkengine\bulletphysics\src\bulletcollision\x64\release\bthashedsimplepaircache.nativecodeanalysis.xml
c:\users\kbc16b03\desktop\ナナクラフト\tkengine\bulletphysics\src\bulletcollision\x64\release\btheightfieldterrainshape.nativecodeanalysis.xml
c:\users\kbc16b03\desktop\ナナクラフト\tkengine\bulletphysics\src\bulletcollision\x64\release\btinternaledgeutility.nativecodeanalysis.xml
c:\users\kbc16b03\desktop\ナナクラフト\tkengine\bulletphysics\src\bulletcollision\x64\release\btmanifoldresult.nativecodeanalysis.xml
c:\users\kbc16b03\desktop\ナナクラフト\tkengine\bulletphysics\src\bulletcollision\x64\release\btminkowskipenetrationdepthsolver.nativecodeanalysis.xml
c:\users\kbc16b03\desktop\ナナクラフト\tkengine\bulletphysics\src\bulletcollision\x64\release\btminkowskisumshape.nativecodeanalysis.xml
c:\users\kbc16b03\desktop\ナナクラフト\tkengine\bulletphysics\src\bulletcollision\x64\release\btmultimaterialtrianglemeshshape.nativecodeanalysis.xml
c:\users\kbc16b03\desktop\ナナクラフト\tkengine\bulletphysics\src\bulletcollision\x64\release\btmultisapbroadphase.nativecodeanalysis.xml
c:\users\kbc16b03\desktop\ナナクラフト\tkengine\bulletphysics\src\bulletcollision\x64\release\btmultisphereshape.nativecodeanalysis.xml
c:\users\kbc16b03\desktop\ナナクラフト\tkengine\bulletphysics\src\bulletcollision\x64\release\btoptimizedbvh.nativecodeanalysis.xml
c:\users\kbc16b03\desktop\ナナクラフト\tkengine\bulletphysics\src\bulletcollision\x64\release\btoverlappingpaircache.nativecodeanalysis.xml
c:\users\kbc16b03\desktop\ナナクラフト\tkengine\bulletphysics\src\bulletcollision\x64\release\btpersistentmanifold.nativecodeanalysis.xml
c:\users\kbc16b03\desktop\ナナクラフト\tkengine\bulletphysics\src\bulletcollision\x64\release\btpolyhedralcontactclipping.nativecodeanalysis.xml
c:\users\kbc16b03\desktop\ナナクラフト\tkengine\bulletphysics\src\bulletcollision\x64\release\btpolyhedralconvexshape.nativecodeanalysis.xml
c:\users\kbc16b03\desktop\ナナクラフト\tkengine\bulletphysics\src\bulletcollision\x64\release\btquantizedbvh.nativecodeanalysis.xml
c:\users\kbc16b03\desktop\ナナクラフト\tkengine\bulletphysics\src\bulletcollision\x64\release\btraycastcallback.nativecodeanalysis.xml
c:\users\kbc16b03\desktop\ナナクラフト\tkengine\bulletphysics\src\bulletcollision\x64\release\btscaledbvhtrianglemeshshape.nativecodeanalysis.xml
c:\users\kbc16b03\desktop\ナナクラフト\tkengine\bulletphysics\src\bulletcollision\x64\release\btshapehull.nativecodeanalysis.xml
c:\users\kbc16b03\desktop\ナナクラフト\tkengine\bulletphysics\src\bulletcollision\x64\release\btsimplebroadphase.nativecodeanalysis.xml
c:\users\kbc16b03\desktop\ナナクラフト\tkengine\bulletphysics\src\bulletcollision\x64\release\btsimulationislandmanager.nativecodeanalysis.xml
c:\users\kbc16b03\desktop\ナナクラフト\tkengine\bulletphysics\src\bulletcollision\x64\release\btsphereboxcollisionalgorithm.nativecodeanalysis.xml
c:\users\kbc16b03\desktop\ナナクラフト\tkengine\bulletphysics\src\bulletcollision\x64\release\btsphereshape.nativecodeanalysis.xml
c:\users\kbc16b03\desktop\ナナクラフト\tkengine\bulletphysics\src\bulletcollision\x64\release\btspherespherecollisionalgorithm.nativecodeanalysis.xml
c:\users\kbc16b03\desktop\ナナクラフト\tkengine\bulletphysics\src\bulletcollision\x64\release\btspheretrianglecollisionalgorithm.nativecodeanalysis.xml
c:\users\kbc16b03\desktop\ナナクラフト\tkengine\bulletphysics\src\bulletcollision\x64\release\btstaticplaneshape.nativecodeanalysis.xml
c:\users\kbc16b03\desktop\ナナクラフト\tkengine\bulletphysics\src\bulletcollision\x64\release\btstridingmeshinterface.nativecodeanalysis.xml
c:\users\kbc16b03\desktop\ナナクラフト\tkengine\bulletphysics\src\bulletcollision\x64\release\btsubsimplexconvexcast.nativecodeanalysis.xml
c:\users\kbc16b03\desktop\ナナクラフト\tkengine\bulletphysics\src\bulletcollision\x64\release\bttetrahedronshape.nativecodeanalysis.xml
c:\users\kbc16b03\desktop\ナナクラフト\tkengine\bulletphysics\src\bulletcollision\x64\release\bttrianglebuffer.nativecodeanalysis.xml
c:\users\kbc16b03\desktop\ナナクラフト\tkengine\bulletphysics\src\bulletcollision\x64\release\bttrianglecallback.nativecodeanalysis.xml
c:\users\kbc16b03\desktop\ナナクラフト\tkengine\bulletphysics\src\bulletcollision\x64\release\bttriangleindexvertexarray.nativecodeanalysis.xml
c:\users\kbc16b03\desktop\ナナクラフト\tkengine\bulletphysics\src\bulletcollision\x64\release\bttriangleindexvertexmaterialarray.nativecodeanalysis.xml
c:\users\kbc16b03\desktop\ナナクラフト\tkengine\bulletphysics\src\bulletcollision\x64\release\bttrianglemesh.nativecodeanalysis.xml
c:\users\kbc16b03\desktop\ナナクラフト\tkengine\bulletphysics\src\bulletcollision\x64\release\bttrianglemeshshape.nativecodeanalysis.xml
c:\users\kbc16b03\desktop\ナナクラフト\tkengine\bulletphysics\src\bulletcollision\x64\release\bttriangleshapeex.nativecodeanalysis.xml
c:\users\kbc16b03\desktop\ナナクラフト\tkengine\bulletphysics\src\bulletcollision\x64\release\btuniformscalingshape.nativecodeanalysis.xml
c:\users\kbc16b03\desktop\ナナクラフト\tkengine\bulletphysics\src\bulletcollision\x64\release\btunionfind.nativecodeanalysis.xml
c:\users\kbc16b03\desktop\ナナクラフト\tkengine\bulletphysics\src\bulletcollision\x64\release\btvoronoisimplexsolver.nativecodeanalysis.xml
c:\users\kbc16b03\desktop\ナナクラフト\tkengine\bulletphysics\src\bulletcollision\x64\release\gim_box_set.nativecodeanalysis.xml
c:\users\kbc16b03\desktop\ナナクラフト\tkengine\bulletphysics\src\bulletcollision\x64\release\gim_contact.nativecodeanalysis.xml
c:\users\kbc16b03\desktop\ナナクラフト\tkengine\bulletphysics\src\bulletcollision\x64\release\gim_memory.nativecodeanalysis.xml
c:\users\kbc16b03\desktop\ナナクラフト\tkengine\bulletphysics\src\bulletcollision\x64\release\gim_tri_collision.nativecodeanalysis.xml
c:\users\kbc16b03\desktop\ナナクラフト\tkengine\bulletphysics\src\bulletcollision\x64\release\spheretriangledetector.nativecodeanalysis.xml
c:\users\kbc16b03\desktop\ナナクラフト\tkengine\bulletphysics\src\bulletcollision\x64\release\vc.nativecodeanalysis.all.xml
c:\users\kbc16b03\desktop\ナナクラフト\game\x64\release\bulletcollision.lib.lastcodeanalysissucceeded
c:\users\kbc16b03\desktop\ナナクラフト\tkengine\bulletphysics\src\bulletcollision\x64\release\bulletcollision.tlog\cl.command.1.tlog
c:\users\kbc16b03\desktop\ナナクラフト\tkengine\bulletphysics\src\bulletcollision\x64\release\bulletcollision.tlog\cl.read.1.tlog
c:\users\kbc16b03\desktop\ナナクラフト\tkengine\bulletphysics\src\bulletcollision\x64\release\bulletcollision.tlog\cl.write.1.tlog
c:\users\kbc16b03\desktop\ナナクラフト\tkengine\bulletphysics\src\bulletcollision\x64\release\bulletcollision.tlog\lib-link.read.1.tlog
c:\users\kbc16b03\desktop\ナナクラフト\tkengine\bulletphysics\src\bulletcollision\x64\release\bulletcollision.tlog\lib-link.write.1.tlog
c:\users\kbc16b03\desktop\ナナクラフト\tkengine\bulletphysics\src\bulletcollision\x64\release\bulletcollision.tlog\lib.command.1.tlog
