cl : コマンド ライン warning D9002: 不明なオプション '/arch:SSE' を無視します
  btKinematicCharacterController.cpp
  btConeTwistConstraint.cpp
ConstraintSolver\btConeTwistConstraint.cpp(868): warning C4244: '=': 'double' から 'btScalar' への変換です。データが失われる可能性があります。
ConstraintSolver\btConeTwistConstraint.cpp(913): warning C4244: '=': 'double' から 'float' への変換です。データが失われる可能性があります。
ConstraintSolver\btConeTwistConstraint.cpp(973): warning C4244: '=': 'double' から 'btScalar' への変換です。データが失われる可能性があります。
ConstraintSolver\btConeTwistConstraint.cpp(975): warning C4244: '=': 'double' から 'btScalar' への変換です。データが失われる可能性があります。
  btContactConstraint.cpp
c:\users\kbc16b15\desktop\github\新しいフォルダー\sandtown\ナナクラフト\tkengine\bulletphysics\src\bulletdynamics\constraintsolver\btContactConstraint.h(25): warning C4359: 'btContactConstraint': アライメント指定子は実際のアラインメント (128) より小さいため、無視されます。
  btFixedConstraint.cpp
  btGearConstraint.cpp
  btGeneric6DofConstraint.cpp
  btGeneric6DofSpring2Constraint.cpp
ConstraintSolver\btGeneric6DofSpring2Constraint.cpp(786): warning C4244: '初期化中': 'double' から 'btScalar' への変換です。データが失われる可能性があります。
  btGeneric6DofSpringConstraint.cpp
  btHinge2Constraint.cpp
  btHingeConstraint.cpp
  btNNCGConstraintSolver.cpp
  btPoint2PointConstraint.cpp
  btSequentialImpulseConstraintSolver.cpp
  btSliderConstraint.cpp
  btSolve2LinearConstraint.cpp
  btTypedConstraint.cpp
  btUniversalConstraint.cpp
  btDiscreteDynamicsWorld.cpp
C:\Users\kbc16b15\Desktop\github\新しいフォルダー\Sandtown\ナナクラフト\tkEngine\bulletPhysics\src\BulletDynamics\../BulletDynamics/ConstraintSolver/btContactConstraint.h(25): warning C4359: 'btContactConstraint': アライメント指定子は実際のアラインメント (128) より小さいため、無視されます。
  btRigidBody.cpp
  btSimpleDynamicsWorld.cpp
  C/C++ のコード分析を実行しています...
  コードを生成中...
  コンパイル中...
  btMultiBody.cpp
  btMultiBodyConstraint.cpp
  btMultiBodyConstraintSolver.cpp
  btMultiBodyDynamicsWorld.cpp
  btMultiBodyJointLimitConstraint.cpp
Featherstone\btMultiBodyJointLimitConstraint.cpp(114): warning C4244: '初期化中': 'int' から 'btScalar' への変換です。データが失われる可能性があります。
  btMultiBodyJointMotor.cpp
  btMultiBodyPoint2Point.cpp
  btDantzigLCP.cpp
  btLemkeAlgorithm.cpp
  btMLCPSolver.cpp
  btRaycastVehicle.cpp
C:\Users\kbc16b15\Desktop\github\新しいフォルダー\Sandtown\ナナクラフト\tkEngine\bulletPhysics\src\BulletDynamics\../BulletDynamics/ConstraintSolver/btContactConstraint.h(25): warning C4359: 'btContactConstraint': アライメント指定子は実際のアラインメント (128) より小さいため、無視されます。
  btWheelInfo.cpp
  C/C++ のコード分析を実行しています...
  コードを生成中...
  BulletDynamics.vcxproj -> C:\Users\kbc16b15\Desktop\github\新しいフォルダー\Sandtown\ナナクラフト\Game\x64\Release\BulletDynamics.lib
c:\users\kbc16b15\desktop\github\新しいフォルダー\sandtown\ナナクラフト\tkengine\bulletphysics\src\bulletdynamics\featherstone\btmultibody.cpp(910): warning C6011: NULL ポインター 'invD' を逆参照しています。
c:\users\kbc16b15\desktop\github\新しいフォルダー\sandtown\ナナクラフト\tkengine\bulletphysics\src\bulletdynamics\featherstone\btmultibody.cpp(1367): warning C6011: NULL ポインター 'invD' を逆参照しています。
c:\users\kbc16b15\desktop\github\新しいフォルダー\sandtown\ナナクラフト\tkengine\bulletphysics\src\bulletdynamics\featherstone\btmultibody.cpp(1423): warning C6011: NULL ポインター 'h' を逆参照しています。
c:\users\kbc16b15\desktop\github\新しいフォルダー\sandtown\ナナクラフト\tkengine\bulletphysics\src\bulletdynamics\featherstone\btmultibody.cpp(1425): warning C6011: NULL ポインター 'Y' を逆参照しています。
c:\users\kbc16b15\desktop\github\新しいフォルダー\sandtown\ナナクラフト\tkengine\bulletphysics\src\bulletdynamics\featherstone\btmultibody.cpp(1670): warning C6011: NULL ポインター 'results' を逆参照しています。
