  stdafx.cpp
  Mining.cpp
c:\users\kbc16b03\desktop\ゲーム大賞用\ナナクラフト\game\game\hud.h(16): warning C4244: 'return': 'float' から 'int' への変換です。データが失われる可能性があります。
  TitleScene.cpp
  GameScene.cpp
c:\users\kbc16b03\desktop\ゲーム大賞用\ナナクラフト\game\game\hud.h(16): warning C4244: 'return': 'float' から 'int' への変換です。データが失われる可能性があります。
c:\users\kbc16b03\desktop\ゲーム大賞用\ナナクラフト\game\game\scene\gamescene.cpp(94): warning C4244: '引数': 'float' から 'int' への変換です。データが失われる可能性があります。
  SceneChange.cpp
  Player.cpp
c:\users\kbc16b03\desktop\ゲーム大賞用\ナナクラフト\game\game\player.cpp(39): warning C4305: '引数': 'double' から 'float' へ切り詰めます。
c:\users\kbc16b03\desktop\ゲーム大賞用\ナナクラフト\game\game\player.cpp(203): warning C4244: '=': 'double' から 'float' への変換です。データが失われる可能性があります。
c:\users\kbc16b03\desktop\ゲーム大賞用\ナナクラフト\game\game\player.cpp(204): warning C4244: '=': 'double' から 'float' への変換です。データが失われる可能性があります。
c:\users\kbc16b03\desktop\ゲーム大賞用\ナナクラフト\game\game\player.cpp(231): warning C4305: '引数': 'double' から 'float' へ切り詰めます。
  Menu.cpp
c:\users\kbc16b03\desktop\ゲーム大賞用\ナナクラフト\game\game\hud.h(16): warning C4244: 'return': 'float' から 'int' への変換です。データが失われる可能性があります。
  Mapchip.cpp
  Map2.cpp
  Map.cpp
c:\users\kbc16b03\desktop\ゲーム大賞用\ナナクラフト\game\game\hud.h(16): warning C4244: 'return': 'float' から 'int' への変換です。データが失われる可能性があります。
  main.cpp
  HUD.cpp
c:\users\kbc16b03\desktop\ゲーム大賞用\ナナクラフト\game\game\hud.h(16): warning C4244: 'return': 'float' から 'int' への変換です。データが失われる可能性があります。
  GameSound.cpp
  Fade.cpp
  Enemy.cpp
c:\users\kbc16b03\desktop\ゲーム大賞用\ナナクラフト\game\game\enemy.cpp(64): warning C4244: '+=': 'double' から 'float' への変換です。データが失われる可能性があります。
c:\users\kbc16b03\desktop\ゲーム大賞用\ナナクラフト\game\game\enemy.cpp(65): warning C4244: '+=': 'double' から 'float' への変換です。データが失われる可能性があります。
  Camera.cpp
  BattleScene.cpp
c:\users\kbc16b03\desktop\ゲーム大賞用\ナナクラフト\game\game\hud.h(16): warning C4244: 'return': 'float' から 'int' への変換です。データが失われる可能性があります。
  BattlePlayer.cpp
  BattleEnemy.cpp
c:\users\kbc16b03\desktop\ゲーム大賞用\ナナクラフト\game\game\hud.h(16): warning C4244: 'return': 'float' から 'int' への変換です。データが失われる可能性があります。
  BattleCamera.cpp
  コードを生成中...
c:\users\kbc16b03\desktop\ゲーム大賞用\ナナクラフト\game\game\scene\gamescene.cpp(65): warning C4715: 'GameScene::Start': 値を返さないコントロール パスがあります。
LINK : fatal error LNK1104: ファイル 'BulletCollision_Debug.lib' を開くことができません。
