c:\users\kbc16b03\desktop\sandtown\ナナクラフト\tkengine\bulletphysics\src\linearmath\x64\debug\linearmath.pdb
c:\users\kbc16b03\desktop\sandtown\ナナクラフト\tkengine\bulletphysics\src\linearmath\x64\debug\btvector3.obj
c:\users\kbc16b03\desktop\sandtown\ナナクラフト\tkengine\bulletphysics\src\linearmath\x64\debug\btserializer.obj
c:\users\kbc16b03\desktop\sandtown\ナナクラフト\tkengine\bulletphysics\src\linearmath\x64\debug\btquickprof.obj
c:\users\kbc16b03\desktop\sandtown\ナナクラフト\tkengine\bulletphysics\src\linearmath\x64\debug\btpolardecomposition.obj
c:\users\kbc16b03\desktop\sandtown\ナナクラフト\tkengine\bulletphysics\src\linearmath\x64\debug\btgeometryutil.obj
c:\users\kbc16b03\desktop\sandtown\ナナクラフト\tkengine\bulletphysics\src\linearmath\x64\debug\btconvexhullcomputer.obj
c:\users\kbc16b03\desktop\sandtown\ナナクラフト\tkengine\bulletphysics\src\linearmath\x64\debug\btconvexhull.obj
c:\users\kbc16b03\desktop\sandtown\ナナクラフト\tkengine\bulletphysics\src\linearmath\x64\debug\btalignedallocator.obj
c:\users\kbc16b15\desktop\github\sandtown\ナナクラフト\tkengine\bulletphysics\src\linearmath\x64\debug\linearmath.pdb
c:\users\kbc16b15\desktop\github\sandtown\ナナクラフト\tkengine\bulletphysics\src\linearmath\x64\debug\btvector3.obj
c:\users\kbc16b15\desktop\github\sandtown\ナナクラフト\tkengine\bulletphysics\src\linearmath\x64\debug\btquickprof.obj
c:\users\kbc16b15\desktop\github\sandtown\ナナクラフト\tkengine\bulletphysics\src\linearmath\x64\debug\btpolardecomposition.obj
c:\users\kbc16b15\desktop\github\sandtown\ナナクラフト\tkengine\bulletphysics\src\linearmath\x64\debug\btgeometryutil.obj
c:\users\kbc16b15\desktop\github\sandtown\ナナクラフト\tkengine\bulletphysics\src\linearmath\x64\debug\btconvexhullcomputer.obj
c:\users\kbc16b15\desktop\github\sandtown\ナナクラフト\tkengine\bulletphysics\src\linearmath\x64\debug\btconvexhull.obj
c:\users\kbc16b15\desktop\github\sandtown\ナナクラフト\tkengine\bulletphysics\src\linearmath\x64\debug\btalignedallocator.obj
c:\users\kbc16b03\desktop\sandtown\ナナクラフト\game\x64\debug\linearmath_debug.lib
c:\users\kbc16b15\desktop\github\sandtown\ナナクラフト\game\x64\debug\linearmath_debug.lib
c:\users\kbc16b15\desktop\github\sandtown\ナナクラフト\tkengine\bulletphysics\src\linearmath\x64\debug\btserializer.obj
c:\users\kbc16b15\desktop\github\sandtown\ナナクラフト\tkengine\bulletphysics\src\linearmath\x64\debug\linearmath.tlog\cl.command.1.tlog
c:\users\kbc16b15\desktop\github\sandtown\ナナクラフト\tkengine\bulletphysics\src\linearmath\x64\debug\linearmath.tlog\cl.read.1.tlog
c:\users\kbc16b15\desktop\github\sandtown\ナナクラフト\tkengine\bulletphysics\src\linearmath\x64\debug\linearmath.tlog\cl.write.1.tlog
c:\users\kbc16b15\desktop\github\sandtown\ナナクラフト\tkengine\bulletphysics\src\linearmath\x64\debug\linearmath.tlog\lib-link.read.1.tlog
c:\users\kbc16b15\desktop\github\sandtown\ナナクラフト\tkengine\bulletphysics\src\linearmath\x64\debug\linearmath.tlog\lib-link.write.1.tlog
c:\users\kbc16b15\desktop\github\sandtown\ナナクラフト\tkengine\bulletphysics\src\linearmath\x64\debug\linearmath.tlog\lib.command.1.tlog
