<<<<<<< HEAD
﻿  LinearMath.vcxproj -> C:\Users\kbc16\Documents\Sandtown\ナナクラフト\Game\x64\Debug\LinearMath_Debug.lib
=======
﻿cl : コマンド ライン warning D9002: 不明なオプション '/arch:SSE' を無視します
  btAlignedAllocator.cpp
  btConvexHull.cpp
  btConvexHullComputer.cpp
  btGeometryUtil.cpp
  btPolarDecomposition.cpp
  btQuickprof.cpp
  btSerializer.cpp
  btVector3.cpp
btVector3.cpp(179): warning C4267: '=': 'size_t' から 'long' に変換しました。データが失われているかもしれません。
btVector3.cpp(184): warning C4267: '-=': 'size_t' から 'unsigned long' に変換しました。データが失われているかもしれません。
btVector3.cpp(427): warning C4267: '=': 'size_t' から 'long' に変換しました。データが失われているかもしれません。
btVector3.cpp(564): warning C4267: '=': 'size_t' から 'long' に変換しました。データが失われているかもしれません。
btVector3.cpp(569): warning C4267: '-=': 'size_t' から 'unsigned long' に変換しました。データが失われているかもしれません。
btVector3.cpp(815): warning C4267: '=': 'size_t' から 'long' に変換しました。データが失われているかもしれません。
  コードを生成中...
<<<<<<< HEAD
  LinearMath.vcxproj -> C:\Users\kbc16b15\Desktop\github\Sandtown\ナナクラフト\Game\x64\Debug\LinearMath_Debug.lib
=======
  LinearMath.vcxproj -> C:\Users\kbc16b03\Desktop\Sandtown\ナナクラフト\Game\x64\Debug\LinearMath_Debug.lib
>>>>>>> d2dbfc563ae2a825831932bc6250927f2c5a17ee
>>>>>>> fadd7248f88f0050449c7869125b926c8436632e
